INFO:dataloader:Created new dataloader.log file in log directory
INFO:dataloader:created ImageDataGenerator instance for train data generator
INFO:dataloader:Created ImageDataGenerator instance for test data generator
INFO:dataloader:loading training set
INFO:dataloader:loading the testing set
INFO:dataloader:Test folder is already exists in the Images directory
INFO:dataloader:Getting the counts of each image classes in train and test
INFO:dataloader:Created new dataloader.log file in log directory
INFO:dataloader:created ImageDataGenerator instance for train data generator
INFO:dataloader:Created ImageDataGenerator instance for test data generator
INFO:dataloader:loading training set
INFO:dataloader:loading the testing set
INFO:dataloader:Test folder is already exists in the Images directory
INFO:dataloader:Getting the counts of each image classes in train and test
INFO:dataloader:Created new dataloader.log file in log directory
INFO:dataloader:created ImageDataGenerator instance for train data generator
INFO:dataloader:Created ImageDataGenerator instance for test data generator
INFO:dataloader:loading training set
INFO:dataloader:loading the testing set
INFO:dataloader:Test folder is already exists in the Images directory
INFO:dataloader:Getting the counts of each image classes in train and test
INFO:dataloader:Created new dataloader.log file in log directory
INFO:dataloader:created ImageDataGenerator instance for train data generator
INFO:dataloader:Created ImageDataGenerator instance for test data generator
INFO:dataloader:loading training set
INFO:dataloader:loading the testing set
INFO:dataloader:Test folder is already exists in the Images directory
INFO:dataloader:Getting the counts of each image classes in train and test
INFO:dataloader:Created new dataloader.log file in log directory
INFO:dataloader:created ImageDataGenerator instance for train data generator
INFO:dataloader:Created ImageDataGenerator instance for test data generator
INFO:dataloader:loading training set
INFO:dataloader:loading the testing set
INFO:dataloader:Test folder is already exists in the Images directory
INFO:dataloader:Getting the counts of each image classes in train and test
INFO:dataloader:Created new dataloader.log file in log directory
INFO:dataloader:created ImageDataGenerator instance for train data generator
INFO:dataloader:Created ImageDataGenerator instance for test data generator
INFO:dataloader:loading training set
INFO:dataloader:loading the testing set
INFO:dataloader:Test folder is already exists in the Images directory
INFO:dataloader:Getting the counts of each image classes in train and test
INFO:dataloader:Created new dataloader.log file in log directory
INFO:dataloader:created ImageDataGenerator instance for train data generator
INFO:dataloader:Created ImageDataGenerator instance for test data generator
INFO:dataloader:loading training set
INFO:dataloader:loading the testing set
INFO:dataloader:Test folder is already exists in the Images directory
INFO:dataloader:Getting the counts of each image classes in train and test
INFO:dataloader:Created new dataloader.log file in log directory
INFO:dataloader:created ImageDataGenerator instance for train data generator
INFO:dataloader:Created ImageDataGenerator instance for test data generator
INFO:dataloader:loading training set
INFO:dataloader:loading the testing set
INFO:dataloader:Test folder is already exists in the Images directory
INFO:dataloader:Getting the counts of each image classes in train and test
INFO:dataloader:Created new dataloader.log file in log directory
INFO:dataloader:Created new dataloader.log file in log directory
INFO:dataloader:created ImageDataGenerator instance for train data generator
INFO:dataloader:created ImageDataGenerator instance for train data generator
INFO:dataloader:Created ImageDataGenerator instance for test data generator
INFO:dataloader:Created ImageDataGenerator instance for test data generator
INFO:dataloader:loading training set
INFO:dataloader:loading training set
INFO:dataloader:loading the testing set
INFO:dataloader:loading the testing set
INFO:dataloader:Getting the counts of each image classes in train and test
INFO:dataloader:Getting the counts of each image classes in train and test
INFO:dataloader:Created new dataloader.log file in log directory
INFO:dataloader:created ImageDataGenerator instance for train data generator
INFO:dataloader:Created ImageDataGenerator instance for test data generator
INFO:dataloader:loading training set
INFO:dataloader:loading the testing set
INFO:dataloader:Test folder is already exists in the Images directory
INFO:dataloader:Getting the counts of each image classes in train and test
INFO:dataloader:Created new dataloader.log file in log directory
INFO:dataloader:created ImageDataGenerator instance for train data generator
INFO:dataloader:Created ImageDataGenerator instance for test data generator
INFO:dataloader:loading training set
INFO:dataloader:loading the testing set
INFO:dataloader:Test folder is already exists in the Images directory
INFO:dataloader:Getting the counts of each image classes in train and test
INFO:dataloader:Created new dataloader.log file in log directory
INFO:dataloader:created ImageDataGenerator instance for train data generator
INFO:dataloader:Created ImageDataGenerator instance for test data generator
INFO:dataloader:loading training set
INFO:dataloader:loading the testing set
INFO:dataloader:Test folder is already exists in the Images directory
INFO:dataloader:Getting the counts of each image classes in train and test
INFO:dataloader:Created new dataloader.log file in log directory
INFO:dataloader:created ImageDataGenerator instance for train data generator
INFO:dataloader:Created ImageDataGenerator instance for test data generator
INFO:dataloader:loading training set
INFO:dataloader:loading the testing set
INFO:dataloader:Test folder is already exists in the Images directory
INFO:dataloader:Getting the counts of each image classes in train and test
INFO:dataloader:Created new dataloader.log file in log directory
INFO:dataloader:created ImageDataGenerator instance for train data generator
INFO:dataloader:Created ImageDataGenerator instance for test data generator
INFO:dataloader:loading training set
INFO:dataloader:loading the testing set
INFO:dataloader:Test folder is already exists in the Images directory
INFO:dataloader:Getting the counts of each image classes in train and test
INFO:dataloader:Created new dataloader.log file in log directory
INFO:dataloader:created ImageDataGenerator instance for train data generator
INFO:dataloader:Created ImageDataGenerator instance for test data generator
INFO:dataloader:loading training set
INFO:dataloader:loading the testing set
INFO:dataloader:Getting the counts of each image classes in train and test
INFO:dataloader:Created new dataloader.log file in log directory
INFO:dataloader:created ImageDataGenerator instance for train data generator
INFO:dataloader:Created ImageDataGenerator instance for test data generator
INFO:dataloader:loading training set
INFO:dataloader:loading the testing set
INFO:dataloader:Test folder is already exists in the Images directory
INFO:dataloader:Getting the counts of each image classes in train and test
INFO:dataloader:Created new dataloader.log file in log directory
INFO:dataloader:created ImageDataGenerator instance for train data generator
INFO:dataloader:Created ImageDataGenerator instance for test data generator
INFO:dataloader:loading training set
INFO:dataloader:loading the testing set
INFO:dataloader:Getting the counts of each image classes in train and test
INFO:dataloader:Created new dataloader.log file in log directory
INFO:dataloader:Created new dataloader.log file in log directory
INFO:dataloader:created ImageDataGenerator instance for train data generator
INFO:dataloader:created ImageDataGenerator instance for train data generator
INFO:dataloader:Created ImageDataGenerator instance for test data generator
INFO:dataloader:Created ImageDataGenerator instance for test data generator
INFO:dataloader:loading training set
INFO:dataloader:loading training set
INFO:dataloader:loading the testing set
INFO:dataloader:loading the testing set
INFO:dataloader:Getting the counts of each image classes in train and test
INFO:dataloader:Getting the counts of each image classes in train and test
INFO:dataloader:Created new dataloader.log file in log directory
INFO:dataloader:created ImageDataGenerator instance for train data generator
INFO:dataloader:Created ImageDataGenerator instance for test data generator
INFO:dataloader:loading training set
INFO:dataloader:loading the testing set
INFO:dataloader:Getting the counts of each image classes in train and test
INFO:dataloader:Created new dataloader.log file in log directory
INFO:dataloader:created ImageDataGenerator instance for train data generator
INFO:dataloader:Created ImageDataGenerator instance for test data generator
INFO:dataloader:loading training set
INFO:dataloader:loading the testing set
INFO:dataloader:Getting the counts of each image classes in train and test
INFO:dataloader:Created new dataloader.log file in log directory
INFO:dataloader:created ImageDataGenerator instance for train data generator
INFO:dataloader:Created ImageDataGenerator instance for test data generator
INFO:dataloader:loading training set
INFO:dataloader:loading the testing set
INFO:dataloader:Getting the counts of each image classes in train and test
INFO:dataloader:Created new dataloader.log file in log directory
INFO:dataloader:Created new dataloader.log file in log directory
INFO:dataloader:created ImageDataGenerator instance for train data generator
INFO:dataloader:created ImageDataGenerator instance for train data generator
INFO:dataloader:Created ImageDataGenerator instance for test data generator
INFO:dataloader:Created ImageDataGenerator instance for test data generator
INFO:dataloader:loading training set
INFO:dataloader:loading training set
INFO:dataloader:loading the testing set
INFO:dataloader:loading the testing set
INFO:dataloader:Getting the counts of each image classes in train and test
INFO:dataloader:Getting the counts of each image classes in train and test
INFO:dataloader:Created new dataloader.log file in log directory
INFO:dataloader:created ImageDataGenerator instance for train data generator
INFO:dataloader:Created ImageDataGenerator instance for test data generator
INFO:dataloader:loading training set
INFO:dataloader:loading the testing set
INFO:dataloader:Getting the counts of each image classes in train and test
INFO:dataloader:Created new dataloader.log file in log directory
INFO:dataloader:created ImageDataGenerator instance for train data generator
INFO:dataloader:Created ImageDataGenerator instance for test data generator
INFO:dataloader:loading training set
INFO:dataloader:loading the testing set
INFO:dataloader:Getting the counts of each image classes in train and test
INFO:dataloader:Created new dataloader.log file in log directory
INFO:dataloader:created ImageDataGenerator instance for train data generator
INFO:dataloader:Created ImageDataGenerator instance for test data generator
INFO:dataloader:loading training set
INFO:dataloader:loading the testing set
INFO:dataloader:Getting the counts of each image classes in train and test
INFO:dataloader:Created new dataloader.log file in log directory
INFO:dataloader:created ImageDataGenerator instance for train data generator
INFO:dataloader:Created ImageDataGenerator instance for test data generator
INFO:dataloader:Created new dataloader.log file in log directory
INFO:dataloader:Created new dataloader.log file in log directory
INFO:dataloader:created ImageDataGenerator instance for train data generator
INFO:dataloader:created ImageDataGenerator instance for train data generator
INFO:dataloader:Created ImageDataGenerator instance for test data generator
INFO:dataloader:Created ImageDataGenerator instance for test data generator
INFO:dataloader:loading training set
INFO:dataloader:loading training set
INFO:dataloader:loading the testing set
INFO:dataloader:loading the testing set
INFO:dataloader:Getting the counts of each image classes in train and test
INFO:dataloader:Getting the counts of each image classes in train and test
